INFO  03:55:05 Now listening on: https://[::]:443
INFO  03:55:05 Now listening on: https://[::]:443
INFO  03:55:05 Now listening on: http://[::]:80
INFO  03:55:05 Now listening on: http://[::]:80
INFO  03:55:05 Application started. Press Ctrl+C to shut down.
INFO  03:55:05 Application started. Press Ctrl+C to shut down.
INFO  03:55:05 Hosting environment: Development
INFO  03:55:05 Hosting environment: Development
INFO  03:55:05 Content root path: /app
INFO  03:55:05 Content root path: /app
INFO  05:15:15 Now listening on: https://[::]:443
INFO  05:15:15 Now listening on: https://[::]:443
INFO  05:15:15 Now listening on: http://[::]:80
INFO  05:15:15 Now listening on: http://[::]:80
INFO  05:15:15 Application started. Press Ctrl+C to shut down.
INFO  05:15:15 Application started. Press Ctrl+C to shut down.
INFO  05:15:15 Hosting environment: Development
INFO  05:15:15 Hosting environment: Development
INFO  05:15:15 Content root path: /app
INFO  05:15:15 Content root path: /app
INFO  06:25:16 Now listening on: https://[::]:443
INFO  06:25:16 Now listening on: https://[::]:443
INFO  06:25:16 Now listening on: http://[::]:80
INFO  06:25:16 Now listening on: http://[::]:80
INFO  06:25:16 Application started. Press Ctrl+C to shut down.
INFO  06:25:16 Application started. Press Ctrl+C to shut down.
INFO  06:25:16 Hosting environment: Development
INFO  06:25:16 Hosting environment: Development
INFO  06:25:16 Content root path: /app
INFO  06:25:16 Content root path: /app
INFO  06:26:22 Now listening on: https://[::]:443
INFO  06:26:22 Now listening on: https://[::]:443
INFO  06:26:22 Now listening on: http://[::]:80
INFO  06:26:22 Now listening on: http://[::]:80
INFO  06:26:22 Application started. Press Ctrl+C to shut down.
INFO  06:26:22 Application started. Press Ctrl+C to shut down.
INFO  06:26:22 Hosting environment: Development
INFO  06:26:22 Hosting environment: Development
INFO  06:26:22 Content root path: /app
INFO  06:26:22 Content root path: /app
